
2021-03-25-17:53:41 get_info: sucess!
2021-03-25-17:53:41 get_info: sucess!
2021-03-25-17:53:41 get_info: sucess!
2021-03-25-17:53:47 download_face: sucess!
2021-03-25-17:53:47 get_userdata: sucess!
2021-03-25-17:53:47 inseruserdata: sucess!
2021-03-25-17:53:47 download_face: sucess!
2021-03-25-17:53:47 get_userdata: sucess!
2021-03-25-17:53:47 inseruserdata: sucess!
2021-03-25-17:53:48 download_face: sucess!
2021-03-25-17:53:48 get_userdata: sucess!
2021-03-25-17:53:48 inseruserdata: sucess!
2021-03-25-17:53:52 get_info: sucess!
2021-03-25-17:53:57 download_face: sucess!
2021-03-25-17:53:57 get_userdata: sucess!
2021-03-25-17:53:58 inseruserdata: sucess!
2021-03-26-17:39:23 get_info: sucess!
2021-03-26-17:39:23 get_info: sucess!
2021-03-26-17:39:23 get_info: sucess!
2021-03-26-17:39:23 get_info: sucess!
2021-03-26-17:39:28 download_face: sucess!
2021-03-26-17:39:28 get_userdata: sucess!
2021-03-26-17:39:28 inseruserdata: sucess!
2021-03-26-17:39:28 download_face: sucess!
2021-03-26-17:39:28 get_userdata: sucess!
2021-03-26-17:39:28 inseruserdata: sucess!
2021-03-26-17:39:28 download_face: sucess!
2021-03-26-17:39:28 get_userdata: sucess!
2021-03-26-17:39:28 inseruserdata: sucess!
2021-03-26-17:39:30 download_face: sucess!
2021-03-26-17:39:30 get_userdata: sucess!
2021-03-26-17:39:30 inseruserdata: sucess!
2021-03-26-17:39:35 get_info: sucess!
2021-03-26-17:39:41 download_face: sucess!
2021-03-26-17:39:41 get_userdata: sucess!
2021-03-26-17:39:41 inseruserdata: sucess!
2021-03-26-17:39:46 get_info: sucess!
2021-03-26-17:39:52 download_face: sucess!
2021-03-26-17:39:52 get_userdata: sucess!
2021-03-26-17:39:52 inseruserdata: sucess!
2021-03-26-17:39:57 get_info: sucess!
2021-03-26-17:40:06 download_face: sucess!
2021-03-26-17:40:06 get_userdata: sucess!
2021-03-26-17:40:06 inseruserdata: sucess!
2021-03-26-17:40:12 get_info: sucess!
2021-03-26-17:40:17 download_face: sucess!
2021-03-26-17:40:17 get_userdata: sucess!
2021-03-26-17:40:17 inseruserdata: sucess!
2021-03-26-17:57:40 get_info: sucess!
2021-03-26-17:57:40 get_info: sucess!
2021-03-26-17:57:40 get_info: sucess!
2021-03-26-17:57:40 get_info: sucess!
2021-03-26-17:57:46 download_face: sucess!
2021-03-26-17:57:46 get_userdata: sucess!
2021-03-26-17:57:46 inseruserdata: sucess!
2021-03-26-17:57:46 download_face: sucess!
2021-03-26-17:57:46 get_userdata: sucess!
2021-03-26-17:57:46 inseruserdata: sucess!
2021-03-26-17:57:46 download_face: sucess!
2021-03-26-17:57:46 get_userdata: sucess!
2021-03-26-17:57:46 inseruserdata: sucess!
2021-03-26-17:57:46 download_face: sucess!
2021-03-26-17:57:46 get_userdata: sucess!
2021-03-26-17:57:46 inseruserdata: sucess!
2021-03-26-17:57:52 get_info: sucess!
2021-03-26-17:57:57 download_face: sucess!
2021-03-26-17:57:57 get_userdata: sucess!
2021-03-26-17:57:57 inseruserdata: sucess!
2021-03-26-17:58:03 get_info: sucess!
2021-03-26-17:58:08 download_face: sucess!
2021-03-26-17:58:08 get_userdata: sucess!
2021-03-26-17:58:08 inseruserdata: sucess!
2021-03-26-17:58:13 get_info: sucess!
2021-03-26-17:58:19 download_face: sucess!
2021-03-26-17:58:19 get_userdata: sucess!
2021-03-26-17:58:19 inseruserdata: sucess!
2021-03-26-17:58:24 get_info: sucess!
2021-03-26-17:58:29 download_face: sucess!
2021-03-26-17:58:29 get_userdata: sucess!
2021-03-26-17:58:29 inseruserdata: sucess!
2021-03-26-18:57:55 get_info: sucess!
2021-03-26-18:57:55 get_info: sucess!
2021-03-26-18:57:55 inserUserinfo: sucess!
2021-03-26-18:57:55 get_info: sucess!
2021-03-26-18:57:55 inserUserinfo: sucess!
2021-03-26-18:57:55 inserUserinfo: sucess!
2021-03-26-18:58:00 download_face: sucess!
2021-03-26-18:58:00 get_userdata: sucess!
2021-03-26-18:58:00 inseruserdata: sucess!
2021-03-26-18:58:00 download_face: sucess!
2021-03-26-18:58:00 get_userdata: sucess!
2021-03-26-18:58:00 inseruserdata: sucess!
2021-03-26-18:58:02 download_face: sucess!
2021-03-26-18:58:02 get_userdata: sucess!
2021-03-26-18:58:02 inseruserdata: sucess!
2021-03-26-18:58:05 get_info: sucess!
2021-03-26-18:58:05 inserUserinfo: sucess!
2021-03-26-18:58:06 get_info: sucess!
2021-03-26-18:58:06 inserUserinfo: sucess!
2021-03-26-18:58:07 get_info: sucess!
2021-03-26-18:58:07 inserUserinfo: sucess!
2021-03-26-18:58:11 download_face: sucess!
2021-03-26-18:58:11 get_userdata: sucess!
2021-03-26-18:58:11 inseruserdata: sucess!
2021-03-26-18:58:11 download_face: sucess!
2021-03-26-18:58:11 get_userdata: sucess!
2021-03-26-18:58:11 inseruserdata: sucess!
2021-03-26-18:58:12 download_face: sucess!
2021-03-26-18:58:12 get_userdata: sucess!
2021-03-26-18:58:13 inseruserdata: sucess!
2021-03-26-18:58:16 get_info: sucess!
2021-03-26-18:58:16 inserUserinfo: sucess!
2021-03-26-18:58:16 get_info: sucess!
2021-03-26-18:58:16 inserUserinfo: sucess!
2021-03-26-18:58:18 get_info: sucess!
2021-03-26-18:58:18 inserUserinfo: sucess!
2021-03-26-18:58:22 download_face: sucess!
2021-03-26-18:58:22 get_userdata: sucess!
2021-03-26-18:58:22 inseruserdata: sucess!
2021-03-26-18:58:22 download_face: sucess!
2021-03-26-18:58:22 get_userdata: sucess!
2021-03-26-18:58:22 inseruserdata: sucess!
2021-03-26-18:58:24 download_face: sucess!
2021-03-26-18:58:24 get_userdata: sucess!
2021-03-26-18:58:24 inseruserdata: sucess!
2021-03-26-18:58:27 get_info: sucess!
2021-03-26-18:58:27 inserUserinfo: sucess!
2021-03-26-18:58:27 get_info: sucess!
2021-03-26-18:58:27 inserUserinfo: sucess!
2021-03-26-18:58:29 get_info: sucess!
2021-03-26-18:58:29 inserUserinfo: sucess!
2021-03-26-18:58:32 download_face: sucess!
2021-03-26-18:58:32 get_userdata: sucess!
2021-03-26-18:58:32 inseruserdata: sucess!
2021-03-26-18:58:33 download_face: sucess!
2021-03-26-18:58:33 get_userdata: sucess!
2021-03-26-18:58:33 inseruserdata: sucess!
2021-03-26-18:58:34 download_face: sucess!
2021-03-26-18:58:34 get_userdata: sucess!
2021-03-26-18:58:34 inseruserdata: sucess!
2021-03-26-18:58:37 get_info: sucess!
2021-03-26-18:58:37 inserUserinfo: sucess!
2021-03-26-18:58:38 get_info: sucess!
2021-03-26-18:58:38 inserUserinfo: sucess!
2021-03-26-18:58:39 get_info: sucess!
2021-03-26-18:58:39 inserUserinfo: sucess!
2021-03-26-18:58:43 download_face: sucess!
2021-03-26-18:58:43 get_userdata: sucess!
2021-03-26-18:58:43 inseruserdata: sucess!
2021-03-26-18:58:44 download_face: sucess!
2021-03-26-18:58:44 get_userdata: sucess!
2021-03-26-18:58:44 inseruserdata: sucess!
2021-03-26-18:58:45 download_face: sucess!
2021-03-26-18:58:45 get_userdata: sucess!
2021-03-26-18:58:45 inseruserdata: sucess!
2021-03-26-18:58:48 get_info: sucess!
2021-03-26-18:58:48 inserUserinfo: sucess!
2021-03-26-18:58:49 get_info: sucess!
2021-03-26-18:58:49 inserUserinfo: sucess!
2021-03-26-18:58:50 get_info: sucess!
2021-03-26-18:58:50 inserUserinfo: sucess!
2021-03-26-18:58:54 download_face: sucess!
2021-03-26-18:58:54 get_userdata: sucess!
2021-03-26-18:58:54 inseruserdata: sucess!
2021-03-26-18:58:55 download_face: sucess!
2021-03-26-18:58:55 get_userdata: sucess!
2021-03-26-18:58:55 inseruserdata: sucess!
2021-03-26-18:58:55 download_face: sucess!
2021-03-26-18:58:55 get_userdata: sucess!
2021-03-26-18:58:55 inseruserdata: sucess!
2021-03-26-18:58:59 get_info: sucess!
2021-03-26-18:58:59 inserUserinfo: sucess!
2021-03-26-18:59:00 get_info: sucess!
2021-03-26-18:59:00 inserUserinfo: sucess!
2021-03-26-18:59:01 get_info: sucess!
2021-03-26-18:59:01 inserUserinfo: sucess!
2021-03-26-18:59:05 download_face: sucess!
2021-03-26-18:59:05 get_userdata: sucess!
2021-03-26-18:59:05 inseruserdata: sucess!
2021-03-26-18:59:05 download_face: sucess!
2021-03-26-18:59:05 get_userdata: sucess!
2021-03-26-18:59:05 inseruserdata: sucess!
2021-03-26-18:59:06 download_face: sucess!
2021-03-26-18:59:06 get_userdata: sucess!
2021-03-26-18:59:06 inseruserdata: sucess!
2021-03-26-18:59:10 get_info: sucess!
2021-03-26-18:59:10 inserUserinfo: sucess!
2021-03-26-18:59:10 get_info: sucess!
2021-03-26-18:59:10 inserUserinfo: sucess!
2021-03-26-18:59:12 get_info: sucess!
2021-03-26-18:59:12 inserUserinfo: sucess!
2021-03-26-18:59:15 get_info: sucess!
2021-03-26-18:59:15 inserUserinfo: sucess!
2021-03-26-18:59:16 get_info: sucess!
2021-03-26-18:59:16 inserUserinfo: sucess!
2021-03-26-18:59:17 download_face: sucess!
2021-03-26-18:59:17 get_userdata: sucess!
2021-03-26-18:59:17 inseruserdata: sucess!
2021-03-26-18:59:21 download_face: sucess!
2021-03-26-18:59:21 get_userdata: sucess!
2021-03-26-18:59:21 inseruserdata: sucess!
2021-03-26-18:59:22 get_info: sucess!
2021-03-26-18:59:22 inserUserinfo: sucess!
2021-03-26-18:59:24 download_face: sucess!
2021-03-26-18:59:24 get_userdata: sucess!
2021-03-26-18:59:24 inseruserdata: sucess!
2021-03-26-18:59:26 get_info: sucess!
2021-03-26-18:59:26 inserUserinfo: sucess!
2021-03-26-18:59:28 download_face: sucess!
2021-03-26-18:59:28 get_userdata: sucess!
2021-03-26-18:59:28 inseruserdata: sucess!
2021-03-26-18:59:29 get_info: sucess!
2021-03-26-18:59:29 inserUserinfo: sucess!
2021-03-26-18:59:32 download_face: sucess!
2021-03-26-18:59:32 get_userdata: sucess!
2021-03-26-18:59:32 inseruserdata: sucess!
2021-03-26-18:59:34 get_info: sucess!
2021-03-26-18:59:34 inserUserinfo: sucess!
2021-03-26-18:59:35 download_face: sucess!
2021-03-26-18:59:35 get_userdata: sucess!
2021-03-26-18:59:35 inseruserdata: sucess!
2021-03-26-18:59:37 get_info: sucess!
2021-03-26-18:59:37 inserUserinfo: sucess!
2021-03-26-18:59:39 download_face: sucess!
2021-03-26-18:59:39 get_userdata: sucess!
2021-03-26-18:59:39 inseruserdata: sucess!
2021-03-26-18:59:40 get_info: sucess!
2021-03-26-18:59:40 inserUserinfo: sucess!
2021-03-26-18:59:42 download_face: sucess!
2021-03-26-18:59:42 get_userdata: sucess!
2021-03-26-18:59:42 inseruserdata: sucess!
2021-03-26-18:59:44 get_info: sucess!
2021-03-26-18:59:44 inserUserinfo: sucess!
2021-03-26-18:59:45 download_face: sucess!
2021-03-26-18:59:45 get_userdata: sucess!
2021-03-26-18:59:45 inseruserdata: sucess!
2021-03-26-18:59:48 get_info: sucess!
2021-03-26-18:59:48 inserUserinfo: sucess!
2021-03-26-18:59:50 download_face: sucess!
2021-03-26-18:59:50 get_userdata: sucess!
2021-03-26-18:59:50 inseruserdata: sucess!
2021-03-26-18:59:51 get_info: sucess!
2021-03-26-18:59:51 inserUserinfo: sucess!
2021-03-26-18:59:53 download_face: sucess!
2021-03-26-18:59:53 get_userdata: sucess!
2021-03-26-18:59:53 inseruserdata: sucess!
2021-03-26-18:59:55 get_info: sucess!
2021-03-26-18:59:55 inserUserinfo: sucess!
2021-03-26-18:59:56 download_face: sucess!
2021-03-26-18:59:56 get_userdata: sucess!
2021-03-26-18:59:56 inseruserdata: sucess!
2021-03-26-18:59:58 get_info: sucess!
2021-03-26-18:59:58 inserUserinfo: sucess!
2021-03-26-19:00:01 download_face: sucess!
2021-03-26-19:00:01 get_userdata: sucess!
2021-03-26-19:00:01 inseruserdata: sucess!
2021-03-26-19:00:01 get_info: sucess!
2021-03-26-19:00:01 inserUserinfo: sucess!
2021-03-26-19:00:04 download_face: sucess!
2021-03-26-19:00:04 get_userdata: sucess!
2021-03-26-19:00:04 inseruserdata: sucess!
2021-03-26-19:00:06 get_info: sucess!
2021-03-26-19:00:06 inserUserinfo: sucess!
2021-03-26-19:00:07 download_face: sucess!
2021-03-26-19:00:07 get_userdata: sucess!
2021-03-26-19:00:07 inseruserdata: sucess!
2021-03-26-19:00:09 get_info: sucess!
2021-03-26-19:00:09 inserUserinfo: sucess!
2021-03-26-19:00:12 download_face: sucess!
2021-03-26-19:00:12 get_userdata: sucess!
2021-03-26-19:00:12 inseruserdata: sucess!
2021-03-26-19:00:13 get_info: sucess!
2021-03-26-19:00:13 inserUserinfo: sucess!
2021-03-26-19:00:14 download_face: sucess!
2021-03-26-19:00:14 get_userdata: sucess!
2021-03-26-19:00:14 inseruserdata: sucess!
2021-03-26-19:00:17 get_info: sucess!
2021-03-26-19:00:17 inserUserinfo: sucess!
2021-03-26-19:00:20 get_info: sucess!
2021-03-26-19:00:20 inserUserinfo: sucess!
2021-03-26-19:00:20 download_face: sucess!
2021-03-26-19:00:20 get_userdata: sucess!
2021-03-26-19:00:20 inseruserdata: sucess!
2021-03-26-19:00:22 download_face: sucess!
2021-03-26-19:00:22 get_userdata: sucess!
2021-03-26-19:00:22 inseruserdata: sucess!
2021-03-26-19:00:25 download_face: sucess!
2021-03-26-19:00:25 get_userdata: sucess!
2021-03-26-19:00:25 inseruserdata: sucess!
2021-03-26-19:00:25 get_info: sucess!
2021-03-26-19:00:25 inserUserinfo: sucess!
2021-03-26-19:00:27 get_info: sucess!
2021-03-26-19:00:27 inserUserinfo: sucess!
2021-03-26-19:00:30 get_info: sucess!
2021-03-26-19:00:30 inserUserinfo: sucess!
2021-03-26-19:00:31 download_face: sucess!
2021-03-26-19:00:31 get_userdata: sucess!
2021-03-26-19:00:31 inseruserdata: sucess!
2021-03-26-19:00:33 download_face: sucess!
2021-03-26-19:00:33 get_userdata: sucess!
2021-03-26-19:00:33 inseruserdata: sucess!
2021-03-26-19:00:36 download_face: sucess!
2021-03-26-19:00:36 get_userdata: sucess!
2021-03-26-19:00:36 inseruserdata: sucess!
2021-03-26-19:00:36 get_info: sucess!
2021-03-26-19:00:36 inserUserinfo: sucess!
2021-03-26-19:00:38 get_info: sucess!
2021-03-26-19:00:38 inserUserinfo: sucess!
2021-03-26-19:00:41 get_info: sucess!
2021-03-26-19:00:41 inserUserinfo: sucess!
2021-03-26-19:00:41 download_face: sucess!
2021-03-26-19:00:41 get_userdata: sucess!
2021-03-26-19:00:41 inseruserdata: sucess!
2021-03-26-19:00:44 download_face: sucess!
2021-03-26-19:00:44 get_userdata: sucess!
2021-03-26-19:00:44 inseruserdata: sucess!
2021-03-26-19:00:46 download_face: sucess!
2021-03-26-19:00:46 get_userdata: sucess!
2021-03-26-19:00:46 inseruserdata: sucess!
2021-03-26-19:00:47 get_info: sucess!
2021-03-26-19:00:47 inserUserinfo: sucess!
2021-03-26-19:00:49 get_info: sucess!
2021-03-26-19:00:49 inserUserinfo: sucess!
2021-03-26-19:00:52 get_info: sucess!
2021-03-26-19:00:52 inserUserinfo: sucess!
2021-03-26-19:00:52 download_face: sucess!
2021-03-26-19:00:52 get_userdata: sucess!
2021-03-26-19:00:52 inseruserdata: sucess!
2021-03-26-19:00:55 download_face: sucess!
2021-03-26-19:00:55 get_userdata: sucess!
2021-03-26-19:00:55 inseruserdata: sucess!
2021-03-26-19:00:57 download_face: sucess!
2021-03-26-19:00:57 get_userdata: sucess!
2021-03-26-19:00:57 inseruserdata: sucess!
2021-03-26-19:00:57 get_info: sucess!
2021-03-26-19:00:57 inserUserinfo: sucess!
2021-03-26-19:01:00 get_info: sucess!
2021-03-26-19:01:00 inserUserinfo: sucess!
2021-03-26-19:01:02 get_info: sucess!
2021-03-26-19:01:02 inserUserinfo: sucess!
2021-03-26-19:01:03 download_face: sucess!
2021-03-26-19:01:03 get_userdata: sucess!
2021-03-26-19:01:03 inseruserdata: sucess!
2021-03-26-19:01:05 download_face: sucess!
2021-03-26-19:01:05 get_userdata: sucess!
2021-03-26-19:01:05 inseruserdata: sucess!
2021-03-26-19:01:08 download_face: sucess!
2021-03-26-19:01:08 get_userdata: sucess!
2021-03-26-19:01:08 inseruserdata: sucess!
2021-03-26-19:01:08 get_info: sucess!
2021-03-26-19:01:08 inserUserinfo: sucess!
2021-03-26-19:01:11 get_info: sucess!
2021-03-26-19:01:11 inserUserinfo: sucess!
2021-03-26-19:01:13 get_info: sucess!
2021-03-26-19:01:13 inserUserinfo: sucess!
2021-03-26-19:01:13 download_face: sucess!
2021-03-26-19:01:13 get_userdata: sucess!
2021-03-26-19:01:13 inseruserdata: sucess!
2021-03-26-19:01:16 download_face: sucess!
2021-03-26-19:01:16 get_userdata: sucess!
2021-03-26-19:01:16 inseruserdata: sucess!
2021-03-26-19:01:18 get_info: sucess!
2021-03-26-19:01:18 inserUserinfo: sucess!
2021-03-26-19:01:18 download_face: sucess!
2021-03-26-19:01:18 get_userdata: sucess!
2021-03-26-19:01:19 inseruserdata: sucess!
2021-03-26-19:01:21 get_info: sucess!
2021-03-26-19:01:21 inserUserinfo: sucess!
2021-03-26-19:01:24 get_info: sucess!
2021-03-26-19:01:24 inserUserinfo: sucess!
2021-03-26-19:01:24 download_face: sucess!
2021-03-26-19:01:24 get_userdata: sucess!
2021-03-26-19:01:24 inseruserdata: sucess!
2021-03-26-19:01:28 download_face: sucess!
2021-03-26-19:01:28 get_userdata: sucess!
2021-03-26-19:01:28 inseruserdata: sucess!
2021-03-26-19:01:29 get_info: sucess!
2021-03-26-19:01:29 inserUserinfo: sucess!
2021-03-26-19:01:30 download_face: sucess!
2021-03-26-19:01:30 get_userdata: sucess!
2021-03-26-19:01:30 inseruserdata: sucess!
2021-03-26-19:01:34 get_info: sucess!
2021-03-26-19:01:34 inserUserinfo: sucess!
2021-03-26-19:01:35 download_face: sucess!
2021-03-26-19:01:35 get_userdata: sucess!
2021-03-26-19:01:35 inseruserdata: sucess!
2021-03-26-19:01:35 get_info: sucess!
2021-03-26-19:01:35 inserUserinfo: sucess!
2021-03-26-19:01:39 download_face: sucess!
2021-03-26-19:01:39 get_userdata: sucess!
2021-03-26-19:01:39 inseruserdata: sucess!
2021-03-26-19:01:40 get_info: sucess!
2021-03-26-19:01:40 inserUserinfo: sucess!
2021-03-26-19:01:40 get_userdata: sucess!
2021-03-26-19:01:40 inseruserdata: sucess!
2021-03-26-19:01:44 get_info: sucess!
2021-03-26-19:01:44 inserUserinfo: sucess!
2021-03-26-19:01:45 download_face: sucess!
2021-03-26-19:01:45 get_userdata: sucess!
2021-03-26-19:01:45 inseruserdata: sucess!
2021-03-26-19:01:46 get_info: sucess!
2021-03-26-19:01:46 inserUserinfo: sucess!
2021-03-26-19:01:50 download_face: sucess!
2021-03-26-19:01:50 get_userdata: sucess!
2021-03-26-19:01:50 inseruserdata: sucess!
2021-03-26-19:01:50 get_info: sucess!
2021-03-26-19:01:51 inserUserinfo: sucess!
2021-03-26-19:01:51 download_face: sucess!
2021-03-26-19:01:51 get_userdata: sucess!
2021-03-26-19:01:51 inseruserdata: sucess!
2021-03-26-19:01:55 get_info: sucess!
2021-03-26-19:01:55 inserUserinfo: sucess!
2021-03-26-19:01:56 download_face: sucess!
2021-03-26-19:01:56 get_userdata: sucess!
2021-03-26-19:01:56 inseruserdata: sucess!
2021-03-26-19:01:56 get_info: sucess!
2021-03-26-19:01:56 inserUserinfo: sucess!
2021-03-26-19:02:01 download_face: sucess!
2021-03-26-19:02:01 get_userdata: sucess!
2021-03-26-19:02:01 inseruserdata: sucess!
2021-03-26-19:02:01 get_info: sucess!
2021-03-26-19:02:01 inserUserinfo: sucess!
2021-03-26-19:02:02 download_face: sucess!
2021-03-26-19:02:02 get_userdata: sucess!
2021-03-26-19:02:02 inseruserdata: sucess!
2021-03-26-19:02:06 get_info: sucess!
2021-03-26-19:02:06 inserUserinfo: sucess!
2021-03-26-19:02:07 get_info: sucess!
2021-03-26-19:02:07 inserUserinfo: sucess!
2021-03-26-19:02:07 download_face: sucess!
2021-03-26-19:02:07 get_userdata: sucess!
2021-03-26-19:02:07 inseruserdata: sucess!
2021-03-26-19:02:12 download_face: sucess!
2021-03-26-19:02:12 get_userdata: sucess!
2021-03-26-19:02:12 inseruserdata: sucess!
2021-03-26-19:02:12 get_info: sucess!
2021-03-26-19:02:12 inserUserinfo: sucess!
2021-03-26-19:02:12 download_face: sucess!
2021-03-26-19:02:12 get_userdata: sucess!
2021-03-26-19:02:12 inseruserdata: sucess!
2021-03-26-19:02:17 get_info: sucess!
2021-03-26-19:02:17 inserUserinfo: sucess!
2021-03-26-19:02:18 download_face: sucess!
2021-03-26-19:02:18 get_userdata: sucess!
2021-03-26-19:02:18 inseruserdata: sucess!
2021-03-26-19:02:18 get_info: sucess!
2021-03-26-19:02:18 inserUserinfo: sucess!
2021-03-26-19:02:23 download_face: sucess!
2021-03-26-19:02:23 get_userdata: sucess!
2021-03-26-19:02:23 inseruserdata: sucess!
2021-03-26-19:02:23 get_info: sucess!
2021-03-26-19:02:23 inserUserinfo: sucess!
2021-03-26-19:02:23 download_face: sucess!
2021-03-26-19:02:23 get_userdata: sucess!
2021-03-26-19:02:23 inseruserdata: sucess!
2021-03-26-19:02:28 get_info: sucess!
2021-03-26-19:02:28 inserUserinfo: sucess!
2021-03-26-19:02:28 get_info: sucess!
2021-03-26-19:02:28 inserUserinfo: sucess!
2021-03-26-19:02:28 download_face: sucess!
2021-03-26-19:02:28 get_userdata: sucess!
2021-03-26-19:02:28 inseruserdata: sucess!
2021-03-26-19:02:33 download_face: sucess!
2021-03-26-19:02:33 get_userdata: sucess!
2021-03-26-19:02:33 inseruserdata: sucess!
2021-03-26-19:02:33 get_info: sucess!
2021-03-26-19:02:33 inserUserinfo: sucess!
2021-03-26-19:02:34 download_face: sucess!
2021-03-26-19:02:34 get_userdata: sucess!
2021-03-26-19:02:34 inseruserdata: sucess!
2021-03-26-19:02:39 get_info: sucess!
2021-03-26-19:02:39 inserUserinfo: sucess!
2021-03-26-19:02:39 get_info: sucess!
2021-03-26-19:02:39 inserUserinfo: sucess!
2021-03-26-19:02:39 download_face: sucess!
2021-03-26-19:02:39 get_userdata: sucess!
2021-03-26-19:02:39 inseruserdata: sucess!
2021-03-26-19:02:44 download_face: sucess!
2021-03-26-19:02:44 get_userdata: sucess!
2021-03-26-19:02:44 inseruserdata: sucess!
2021-03-26-19:02:44 download_face: sucess!
2021-03-26-19:02:44 get_userdata: sucess!
2021-03-26-19:02:44 inseruserdata: sucess!
2021-03-26-19:02:44 get_info: sucess!
2021-03-26-19:02:44 inserUserinfo: sucess!
2021-03-26-19:02:49 get_info: sucess!
2021-03-26-19:02:49 inserUserinfo: sucess!
2021-03-26-19:02:49 get_info: sucess!
2021-03-26-19:02:49 inserUserinfo: sucess!
2021-03-26-19:02:50 download_face: sucess!
2021-03-26-19:02:50 get_userdata: sucess!
2021-03-26-19:02:50 inseruserdata: sucess!
2021-03-26-19:02:55 download_face: sucess!
2021-03-26-19:02:55 get_userdata: sucess!
2021-03-26-19:02:55 inseruserdata: sucess!
2021-03-26-19:02:55 download_face: sucess!
2021-03-26-19:02:55 get_userdata: sucess!
2021-03-26-19:02:55 inseruserdata: sucess!
2021-03-26-19:02:55 get_info: sucess!
2021-03-26-19:02:55 inserUserinfo: sucess!
2021-03-26-19:03:00 get_info: sucess!
2021-03-26-19:03:00 inserUserinfo: sucess!
2021-03-26-19:03:00 get_info: sucess!
2021-03-26-19:03:00 inserUserinfo: sucess!
2021-03-26-19:03:01 download_face: sucess!
2021-03-26-19:03:01 get_userdata: sucess!
2021-03-26-19:03:01 inseruserdata: sucess!
2021-03-26-19:03:06 download_face: sucess!
2021-03-26-19:03:06 get_userdata: sucess!
2021-03-26-19:03:06 inseruserdata: sucess!
2021-03-26-19:03:06 download_face: sucess!
2021-03-26-19:03:06 get_userdata: sucess!
2021-03-26-19:03:06 inseruserdata: sucess!
2021-03-26-19:03:06 get_info: sucess!
2021-03-26-19:03:06 inserUserinfo: sucess!
2021-03-26-19:03:11 get_info: sucess!
2021-03-26-19:03:11 inserUserinfo: sucess!
2021-03-26-19:03:11 get_info: sucess!
2021-03-26-19:03:11 inserUserinfo: sucess!
2021-03-26-19:03:12 download_face: sucess!
2021-03-26-19:03:12 get_userdata: sucess!
2021-03-26-19:03:12 inseruserdata: sucess!
2021-03-26-19:03:17 download_face: sucess!
2021-03-26-19:03:17 get_userdata: sucess!
2021-03-26-19:03:17 inseruserdata: sucess!
2021-03-26-19:03:17 download_face: sucess!
2021-03-26-19:03:17 get_userdata: sucess!
2021-03-26-19:03:17 inseruserdata: sucess!
2021-03-26-19:03:18 get_info: sucess!
2021-03-26-19:03:18 inserUserinfo: sucess!
2021-03-26-19:03:22 get_info: sucess!
2021-03-26-19:03:22 inserUserinfo: sucess!
2021-03-26-19:03:22 get_info: sucess!
2021-03-26-19:03:22 inserUserinfo: sucess!
2021-03-26-19:03:24 download_face: sucess!
2021-03-26-19:03:24 get_userdata: sucess!
2021-03-26-19:03:24 inseruserdata: sucess!
2021-03-26-19:03:28 download_face: sucess!
2021-03-26-19:03:28 get_userdata: sucess!
2021-03-26-19:03:28 inseruserdata: sucess!
2021-03-26-19:03:28 download_face: sucess!
2021-03-26-19:03:28 get_userdata: sucess!
2021-03-26-19:03:28 inseruserdata: sucess!
2021-03-26-19:03:29 get_info: sucess!
2021-03-26-19:03:29 inserUserinfo: sucess!
2021-03-26-19:03:33 get_info: sucess!
2021-03-26-19:03:33 inserUserinfo: sucess!
2021-03-26-19:03:33 get_info: sucess!
2021-03-26-19:03:33 inserUserinfo: sucess!
2021-03-26-19:03:34 download_face: sucess!
2021-03-26-19:03:34 get_userdata: sucess!
2021-03-26-19:03:34 inseruserdata: sucess!
2021-03-26-19:03:38 download_face: sucess!
2021-03-26-19:03:38 get_userdata: sucess!
2021-03-26-19:03:38 inseruserdata: sucess!
2021-03-26-19:03:39 download_face: sucess!
2021-03-26-19:03:39 get_userdata: sucess!
2021-03-26-19:03:39 inseruserdata: sucess!
2021-03-26-19:03:40 get_info: sucess!
2021-03-26-19:03:40 inserUserinfo: sucess!
2021-03-26-19:03:44 get_info: sucess!
2021-03-26-19:03:44 inserUserinfo: sucess!
2021-03-26-19:03:46 download_face: sucess!
2021-03-26-19:03:46 get_userdata: sucess!
2021-03-26-19:03:46 inseruserdata: sucess!
2021-03-26-19:03:49 download_face: sucess!
2021-03-26-19:03:49 get_userdata: sucess!
2021-03-26-19:03:49 inseruserdata: sucess!